2015-08-14 11:41:28,154 - com.websdk.lib.generic.Log - INFO - Framework logging Started...
2015-08-14 11:41:28,155 - com.websdk.lib.generic.Log - INFO - Running GlobalSetup Method...
2015-08-14 11:41:28,156 - com.websdk.lib.generic.Log - INFO - Starting Webdriver... 
2015-08-14 11:41:28,158 - com.websdk.lib.generic.Log - INFO - Starting Firefox driver...
2015-08-14 11:42:21,172 - com.websdk.lib.generic.Log - INFO - Fixture teardown started.
2015-08-14 11:43:25,997 - com.websdk.lib.generic.Log - INFO - Framework logging Started...
2015-08-14 11:43:25,997 - com.websdk.lib.generic.Log - INFO - Running GlobalSetup Method...
2015-08-14 11:43:25,998 - com.websdk.lib.generic.Log - INFO - Starting Webdriver... 
2015-08-14 11:43:25,999 - com.websdk.lib.generic.Log - INFO - Starting chrome driver...
2015-08-14 11:43:50,190 - com.websdk.lib.generic.Log - INFO - Fixture teardown started.
2015-08-14 11:50:59,944 - com.websdk.lib.generic.Log - INFO - Framework logging Started...
2015-08-14 11:50:59,945 - com.websdk.lib.generic.Log - INFO - Running GlobalSetup Method...
2015-08-14 11:50:59,946 - com.websdk.lib.generic.Log - INFO - Starting Webdriver... 
2015-08-14 11:50:59,947 - com.websdk.lib.generic.Log - INFO - Starting chrome driver...
2015-08-14 11:51:23,252 - com.websdk.lib.generic.Log - INFO - Fixture teardown started.
2015-08-14 11:53:26,823 - com.websdk.lib.generic.Log - INFO - Framework logging Started...
2015-08-14 11:53:26,824 - com.websdk.lib.generic.Log - INFO - Running GlobalSetup Method...
2015-08-14 11:53:26,826 - com.websdk.lib.generic.Log - INFO - Starting Webdriver... 
2015-08-14 11:53:26,830 - com.websdk.lib.generic.Log - INFO - Starting chrome driver...
2015-08-14 11:54:06,609 - com.websdk.lib.generic.Log - INFO - Framework logging Started...
2015-08-14 11:54:06,609 - com.websdk.lib.generic.Log - INFO - Running GlobalSetup Method...
2015-08-14 11:54:06,611 - com.websdk.lib.generic.Log - INFO - Starting Webdriver... 
2015-08-14 11:54:06,616 - com.websdk.lib.generic.Log - INFO - Starting chrome driver...
2015-08-14 11:54:36,043 - com.websdk.lib.generic.Log - INFO - Framework logging Started...
2015-08-14 11:54:36,046 - com.websdk.lib.generic.Log - INFO - Running GlobalSetup Method...
2015-08-14 11:54:36,052 - com.websdk.lib.generic.Log - INFO - Starting Webdriver... 
2015-08-14 11:54:36,071 - com.websdk.lib.generic.Log - INFO - Starting chrome driver...
2015-08-14 11:56:50,132 - com.websdk.lib.generic.Log - INFO - Framework logging Started...
2015-08-14 11:56:52,546 - com.websdk.lib.generic.Log - INFO - Running GlobalSetup Method...
2015-08-14 11:57:14,752 - com.websdk.lib.generic.Log - INFO - Starting Webdriver... 
2015-08-14 11:57:24,209 - com.websdk.lib.generic.Log - INFO - Starting chrome driver...
2015-08-14 11:58:01,611 - com.websdk.lib.generic.Log - INFO - Fixture teardown started.
2015-08-14 12:01:25,770 - com.websdk.lib.generic.Log - INFO - Framework logging Started...
2015-08-14 12:01:25,773 - com.websdk.lib.generic.Log - INFO - Running GlobalSetup Method...
2015-08-14 12:01:29,651 - com.websdk.lib.generic.Log - INFO - Starting Webdriver... 
2015-08-14 12:01:29,661 - com.websdk.lib.generic.Log - INFO - Starting chrome driver...
2015-08-14 12:07:35,309 - com.websdk.lib.generic.Log - INFO - Framework logging Started...
2015-08-14 12:07:35,313 - com.websdk.lib.generic.Log - INFO - Running GlobalSetup Method...
2015-08-14 12:07:37,295 - com.websdk.lib.generic.Log - INFO - Starting Webdriver... 
2015-08-14 12:07:44,684 - com.websdk.lib.generic.Log - INFO - Starting chrome driver...
2015-08-14 12:09:01,342 - com.websdk.lib.generic.Log - INFO - Fixture teardown started.
